<?xml version="1.0" encoding="UTF-8"?>
<!-- Generated by org.testng.reporters.JUnitReportReporter -->
<testsuite hostname="Muhameds-MBP-2" failures="0" tests="1" name="com.glassdoor.pages.Glassdoor" time="12.466" errors="0" timestamp="04 Apr 2022 11:36:48 GMT" skipped="0">
  <testcase classname="com.glassdoor.pages.Glassdoor" name="test" time="12.466"/>
</testsuite> <!-- com.glassdoor.pages.Glassdoor -->
